[2019-11-05T08:43:24.090] [INFO] default - --------------------------- 开始编译 ---------------------------
[2019-11-05T08:43:24.093] [INFO] default - 程序运行目录: D:\work\吉林分公司投票页
[2019-11-05T08:43:24.093] [INFO] default - 首次启动!
[2019-11-05T08:43:24.093] [INFO] default - 生成版本号: caucwj7z6pp
[2019-11-05T08:43:24.098] [INFO] default - 清理资源文件夹: D:\work\吉林分公司投票页\dist\static
[2019-11-05T08:43:24.098] [INFO] default - 文件夹不存在: D:\work\吉林分公司投票页\dist\static
[2019-11-05T08:43:24.098] [INFO] default - 创建文件夹: D:\work\吉林分公司投票页\dist\static
[2019-11-05T08:43:24.099] [INFO] default - 读取模板文件: C:\Users\PG\Documents\GitHub\PG\lib\index.html
[2019-11-05T08:43:24.099] [DEBUG] default - 读取网页标题: {TAG_14226_TAG}
[2019-11-05T08:43:24.099] [DEBUG] default - 处理页面源信息: [{"http-equiv":"content-type","content":"text/html; charset=UTF-8"},{"name":"viewport","content":"width=device-width, initial-scale=1.0, maximum-scale=1.0, minimum-scale=1.0, user-scalable=no"},{"name":"format-detection","content":"telephone=no, email=no"},{"name":"apple-mobile-web-app-capable","content":"yes"},{"name":"apple-mobile-web-app-status-bar-style","content":"white"},{"name":"renderer","content":"webkit"},{"http-equiv":"X-UA-Compatible","content":"IE=edge,chrome=1"},{"name":"filetype","content":"1"},{"name":"publishedtype","content":"1"},{"name":"pagetype","content":"2"},{"name":"screen-orientation","content":"landscape"},{"name":"x5-orientation","content":"landscape"},{"name":"full-screen","content":"yes"},{"name":"x5-fullscreen","content":"true"},{"name":"browsermode","content":"application"},{"name":"x5-page-mode","content":"app"}]
[2019-11-05T08:43:24.100] [INFO] default - 开始处理模块: one
[2019-11-05T08:43:24.457] [INFO] default - 开始处理模块: imageBar
[2019-11-05T08:43:24.457] [DEBUG] default - 使用文件缓存:D:\work\吉林分公司投票页\owo_modules\0ce71cf9a8798b9f30bd730237127f1c.owo
[2019-11-05T08:43:24.465] [DEBUG] default - 缓存模板: imageBarhttps://owo.ink/public/78fd6ab8c50520c13b06a98e434475b7.page
[2019-11-05T08:43:24.502] [DEBUG] default - 模块imageBar处理用时: 46 毫秒!
[2019-11-05T08:43:24.503] [INFO] default - 开始处理模块: card
[2019-11-05T08:43:24.512] [DEBUG] default - 缓存模板: card./src/module/card.owo
[2019-11-05T08:43:24.518] [DEBUG] default - 模块card处理用时: 15 毫秒!
[2019-11-05T08:43:24.519] [DEBUG] default - 模块 card 因名称重复被重命名为 card-1
[2019-11-05T08:43:24.519] [INFO] default - 开始处理模块: card-1
[2019-11-05T08:43:24.519] [DEBUG] default - 使用缓存返回模板: card-1
[2019-11-05T08:43:24.520] [DEBUG] default - 模块card处理用时: 2 毫秒!
[2019-11-05T08:43:24.520] [DEBUG] default - 模块 card 因名称重复被重命名为 card-2
[2019-11-05T08:43:24.520] [INFO] default - 开始处理模块: card-2
[2019-11-05T08:43:24.520] [DEBUG] default - 使用缓存返回模板: card-2
[2019-11-05T08:43:24.521] [DEBUG] default - 模块card处理用时: 1 毫秒!
[2019-11-05T08:43:24.521] [DEBUG] default - 模块 card 因名称重复被重命名为 card-3
[2019-11-05T08:43:24.521] [INFO] default - 开始处理模块: card-3
[2019-11-05T08:43:24.521] [DEBUG] default - 使用缓存返回模板: card-3
[2019-11-05T08:43:24.522] [DEBUG] default - 模块card处理用时: 1 毫秒!
[2019-11-05T08:43:24.522] [DEBUG] default - 模块 card 因名称重复被重命名为 card-4
[2019-11-05T08:43:24.522] [INFO] default - 开始处理模块: card-4
[2019-11-05T08:43:24.522] [DEBUG] default - 使用缓存返回模板: card-4
[2019-11-05T08:43:24.523] [DEBUG] default - 模块card处理用时: 1 毫秒!
[2019-11-05T08:43:24.523] [DEBUG] default - 模块 card 因名称重复被重命名为 card-5
[2019-11-05T08:43:24.523] [INFO] default - 开始处理模块: card-5
[2019-11-05T08:43:24.523] [DEBUG] default - 使用缓存返回模板: card-5
[2019-11-05T08:43:24.524] [DEBUG] default - 模块card处理用时: 1 毫秒!
[2019-11-05T08:43:24.524] [DEBUG] default - 模块 card 因名称重复被重命名为 card-6
[2019-11-05T08:43:24.524] [INFO] default - 开始处理模块: card-6
[2019-11-05T08:43:24.524] [DEBUG] default - 使用缓存返回模板: card-6
[2019-11-05T08:43:24.526] [DEBUG] default - 模块card处理用时: 2 毫秒!
[2019-11-05T08:43:24.526] [DEBUG] default - 模块 card 因名称重复被重命名为 card-7
[2019-11-05T08:43:24.526] [INFO] default - 开始处理模块: card-7
[2019-11-05T08:43:24.526] [DEBUG] default - 使用缓存返回模板: card-7
[2019-11-05T08:43:24.527] [DEBUG] default - 模块card处理用时: 1 毫秒!
[2019-11-05T08:43:24.527] [DEBUG] default - 模块 card 因名称重复被重命名为 card-8
[2019-11-05T08:43:24.527] [INFO] default - 开始处理模块: card-8
[2019-11-05T08:43:24.527] [DEBUG] default - 使用缓存返回模板: card-8
[2019-11-05T08:43:24.528] [DEBUG] default - 模块card处理用时: 1 毫秒!
[2019-11-05T08:43:24.529] [DEBUG] default - 模块 card 因名称重复被重命名为 card-9
[2019-11-05T08:43:24.529] [INFO] default - 开始处理模块: card-9
[2019-11-05T08:43:24.529] [DEBUG] default - 使用缓存返回模板: card-9
[2019-11-05T08:43:24.530] [DEBUG] default - 模块card处理用时: 1 毫秒!
[2019-11-05T08:43:24.532] [DEBUG] default - 缓存模板: one./src/page/one.owo
[2019-11-05T08:43:24.536] [DEBUG] default - 页面one处理用时: 437 毫秒!
[2019-11-05T08:43:24.538] [INFO] default - 文件夹不存在: D:/work/吉林分公司投票页/dist/static/resource
[2019-11-05T08:43:24.538] [INFO] default - 创建文件夹: D:/work/吉林分公司投票页/dist/static/resource
[2019-11-05T08:43:24.539] [DEBUG] default - 处理资源:  [ 'D:/work/吉林分公司投票页/src/resource/bottom.png' ]
[2019-11-05T08:43:24.539] [DEBUG] default - 资源目录:  D:/work/吉林分公司投票页/dist/static/resource
[2019-11-05T08:43:24.541] [DEBUG] default - css中的资源处理完毕!
[2019-11-05T08:43:24.963] [DEBUG] default - 使用postcss处理样式，使用了1个插件!
[2019-11-05T08:43:25.003] [INFO] default - 文件夹不存在: D:\work\吉林分公司投票页\dist\static\css
[2019-11-05T08:43:25.003] [INFO] default - 创建文件夹: D:\work\吉林分公司投票页\dist\static\css
[2019-11-05T08:43:25.003] [INFO] default - 开始处理附属css中的资源
[2019-11-05T08:43:25.003] [INFO] default - 附属css中的资源处理完毕!
[2019-11-05T08:43:25.004] [INFO] default - 处理字体: {}
[2019-11-05T08:43:25.008] [INFO] default - 使用postcss处理完毕! 用时: 45 毫秒
[2019-11-05T08:43:25.009] [INFO] default - 正在处理script!
[2019-11-05T08:43:25.457] [INFO] default - 工程中只有一个页面!
[2019-11-05T08:43:25.458] [INFO] default - js中的资源处理完毕!
[2019-11-05T08:43:25.458] [DEBUG] default - 处理引用脚本: [{"name":"jquery1.11.0","src":"http://tools.people.com.cn/libs/jquery/1.11.1/jquery-1.11.1.min.js"},{"name":"main","src":"./src/main.js","resource":true}]
[2019-11-05T08:43:25.458] [DEBUG] default - 外部脚本数量: 2
[2019-11-05T08:43:25.458] [DEBUG] default - 处理脚本: jquery1.11.0
[2019-11-05T08:43:25.458] [DEBUG] default - 网络脚本: jquery1.11.0
[2019-11-05T08:43:25.458] [DEBUG] default - 处理脚本: main
[2019-11-05T08:43:25.458] [INFO] default - 读取文件: D:\work\吉林分公司投票页\src\main.js
[2019-11-05T08:43:25.458] [DEBUG] default - 输出scriptData
[2019-11-05T08:43:25.458] [DEBUG] default - 准备输出html!
[2019-11-05T08:43:25.459] [DEBUG] default - 处理资源:  [ 'D:/work/吉林分公司投票页/src/resource/title.png' ]
[2019-11-05T08:43:25.459] [DEBUG] default - 资源目录:  D:/work/吉林分公司投票页/dist/static/resource
[2019-11-05T08:43:25.459] [DEBUG] default - 开始美化html
[2019-11-05T08:43:25.471] [INFO] default - 文件夹不存在: D:\work\吉林分公司投票页\dist\static\js
[2019-11-05T08:43:25.472] [INFO] default - 创建文件夹: D:\work\吉林分公司投票页\dist\static\js
[2019-11-05T08:43:25.472] [DEBUG] default - 页面中不包含切换动画!
[2019-11-05T08:43:25.472] [INFO] default - 编译结束!
[2019-11-05T08:43:25.504] [INFO] default - 写入文件: D:\work\吉林分公司投票页\dist\static\css\owo.main.caucwj7z6pp.css
[2019-11-05T08:43:25.504] [INFO] default - 主要逻辑文件写出成功!
[2019-11-05T08:43:25.506] [INFO] default - 读取成功: D:\work\吉林分公司投票页\src\main.css
[2019-11-05T08:43:25.506] [DEBUG] default - 处理资源:  [ 'D:/work/吉林分公司投票页/src/resource/bg.jpg' ]
[2019-11-05T08:43:25.506] [DEBUG] default - 资源目录:  D:/work/吉林分公司投票页/dist/static/resource
[2019-11-05T08:43:25.506] [INFO] default - 读取成功: D:\work\吉林分公司投票页\src\main.js
[2019-11-05T08:43:25.526] [INFO] default - 写入文件: D:\work\吉林分公司投票页\dist\static\css\main.css
[2019-11-05T08:43:25.526] [INFO] default - 写入文件: D:\work\吉林分公司投票页\dist\static\js\main.js
